{"/home/travis/build/kaizhu256/node-mongodb-minimal/test.js":{"path":"/home/travis/build/kaizhu256/node-mongodb-minimal/test.js","s":{"1":1,"2":1,"3":1,"4":1,"5":1,"6":1,"7":1,"8":1,"9":1,"10":1,"11":1,"12":1,"13":1,"14":1,"15":1,"16":1,"17":1},"b":{"1":[1],"2":[1,1],"3":[1],"4":[1]},"f":{"1":1,"2":1,"3":1},"fnMap":{"1":{"name":"(anonymous_1)","line":12,"loc":{"start":{"line":12,"column":1},"end":{"line":12,"column":13}}},"2":{"name":"(anonymous_2)","line":19,"loc":{"start":{"line":19,"column":5},"end":{"line":19,"column":17}}},"3":{"name":"(anonymous_3)","line":40,"loc":{"start":{"line":40,"column":35},"end":{"line":40,"column":63}}}},"statementMap":{"1":{"start":{"line":12,"column":0},"end":{"line":59,"column":5}},"2":{"start":{"line":14,"column":4},"end":{"line":14,"column":14}},"3":{"start":{"line":19,"column":4},"end":{"line":33,"column":9}},"4":{"start":{"line":21,"column":8},"end":{"line":21,"column":19}},"5":{"start":{"line":23,"column":8},"end":{"line":23,"column":30}},"6":{"start":{"line":25,"column":8},"end":{"line":25,"column":30}},"7":{"start":{"line":26,"column":8},"end":{"line":32,"column":9}},"8":{"start":{"line":29,"column":12},"end":{"line":30,"column":46}},"9":{"start":{"line":31,"column":12},"end":{"line":31,"column":18}},"10":{"start":{"line":34,"column":4},"end":{"line":48,"column":5}},"11":{"start":{"line":40,"column":8},"end":{"line":46,"column":10}},"12":{"start":{"line":44,"column":12},"end":{"line":44,"column":25}},"13":{"start":{"line":45,"column":12},"end":{"line":45,"column":45}},"14":{"start":{"line":47,"column":8},"end":{"line":47,"column":14}},"15":{"start":{"line":49,"column":4},"end":{"line":58,"column":5}},"16":{"start":{"line":56,"column":8},"end":{"line":56,"column":35}},"17":{"start":{"line":57,"column":8},"end":{"line":57,"column":14}}},"branchMap":{"1":{"line":26,"type":"switch","locations":[{"start":{"line":28,"column":8},"end":{"line":31,"column":18}}]},"2":{"line":29,"type":"binary-expr","locations":[{"start":{"line":29,"column":36},"end":{"line":29,"column":64}},{"start":{"line":29,"column":68},"end":{"line":29,"column":87}}]},"3":{"line":34,"type":"switch","locations":[{"start":{"line":39,"column":4},"end":{"line":47,"column":14}}]},"4":{"line":49,"type":"switch","locations":[{"start":{"line":54,"column":4},"end":{"line":57,"column":14}}]}},"code":["/* istanbul instrument in package mongodb-minimal */","/*jslint","    bitwise: true,","    browser: true,","    maxerr: 8,","    maxlen: 96,","    node: true,","    nomen: true,","    regexp: true,","    stupid: true","*/","(function () {","    'use strict';","    var local;","","","","    // run shared js-env code - pre-init","    (function () {","        // init local","        local = {};","        // init modeJs","        local.modeJs = 'node';","        // init global","        local.global = global;","        switch (local.modeJs) {","        // re-init local from example.js","        case 'node':","            local = global.local = (local.global.utility2_rollup || require('utility2'))","                .requireExampleJsFromReadme();","            break;","        }","    }());","    switch (local.modeJs) {","","","","    // run node js-env code - function","    case 'node':","        local.testCase_build_doc = function (options, onError) {","        /*","         * this function will test build's doc handling-behavior","         */","            options = {};","            local.buildDoc(options, onError);","        };","        break;","    }","    switch (local.modeJs) {","","","","    // run node js-env code - post-init","    case 'node':","        // run test-server","        local.testRunServer(local);","        break;","    }","}());",""],"l":{"12":1,"14":1,"19":1,"21":1,"23":1,"25":1,"26":1,"29":1,"31":1,"34":1,"40":1,"44":1,"45":1,"47":1,"49":1,"56":1,"57":1}}}