{"/home/travis/build/kaizhu256/node-mongodb-minimal/test.js":{"path":"/home/travis/build/kaizhu256/node-mongodb-minimal/test.js","s":{"1":1,"2":1,"3":1,"4":1,"5":1,"6":1,"7":1,"8":1,"9":1,"10":1,"11":1,"12":1,"13":1,"14":1,"15":1,"16":1,"17":1,"18":1,"19":1},"b":{"1":[1],"2":[1,1],"3":[1],"4":[1]},"f":{"1":1,"2":1,"3":1},"fnMap":{"1":{"name":"(anonymous_1)","line":12,"loc":{"start":{"line":12,"column":1},"end":{"line":12,"column":13}}},"2":{"name":"(anonymous_2)","line":19,"loc":{"start":{"line":19,"column":5},"end":{"line":19,"column":17}}},"3":{"name":"(anonymous_3)","line":42,"loc":{"start":{"line":42,"column":35},"end":{"line":42,"column":63}}}},"statementMap":{"1":{"start":{"line":12,"column":0},"end":{"line":67,"column":5}},"2":{"start":{"line":14,"column":4},"end":{"line":14,"column":14}},"3":{"start":{"line":19,"column":4},"end":{"line":35,"column":9}},"4":{"start":{"line":21,"column":8},"end":{"line":21,"column":35}},"5":{"start":{"line":23,"column":8},"end":{"line":23,"column":19}},"6":{"start":{"line":25,"column":8},"end":{"line":25,"column":30}},"7":{"start":{"line":27,"column":8},"end":{"line":27,"column":30}},"8":{"start":{"line":28,"column":8},"end":{"line":34,"column":9}},"9":{"start":{"line":31,"column":12},"end":{"line":32,"column":46}},"10":{"start":{"line":33,"column":12},"end":{"line":33,"column":18}},"11":{"start":{"line":36,"column":4},"end":{"line":56,"column":5}},"12":{"start":{"line":42,"column":8},"end":{"line":54,"column":10}},"13":{"start":{"line":46,"column":12},"end":{"line":46,"column":25}},"14":{"start":{"line":47,"column":12},"end":{"line":52,"column":14}},"15":{"start":{"line":53,"column":12},"end":{"line":53,"column":45}},"16":{"start":{"line":55,"column":8},"end":{"line":55,"column":14}},"17":{"start":{"line":57,"column":4},"end":{"line":66,"column":5}},"18":{"start":{"line":64,"column":8},"end":{"line":64,"column":35}},"19":{"start":{"line":65,"column":8},"end":{"line":65,"column":14}}},"branchMap":{"1":{"line":28,"type":"switch","locations":[{"start":{"line":30,"column":8},"end":{"line":33,"column":18}}]},"2":{"line":31,"type":"binary-expr","locations":[{"start":{"line":31,"column":36},"end":{"line":31,"column":64}},{"start":{"line":31,"column":68},"end":{"line":31,"column":87}}]},"3":{"line":36,"type":"switch","locations":[{"start":{"line":41,"column":4},"end":{"line":55,"column":14}}]},"4":{"line":57,"type":"switch","locations":[{"start":{"line":62,"column":4},"end":{"line":65,"column":14}}]}},"code":["/* istanbul instrument in package mongodb-minimal */","/*jslint","    bitwise: true,","    browser: true,","    maxerr: 8,","    maxlen: 96,","    node: true,","    nomen: true,","    regexp: true,","    stupid: true","*/","(function () {","    'use strict';","    var local;","","","","    // run shared js-env code - pre-init","    (function () {","        // init Error.stackTraceLimit","        Error.stackTraceLimit = 20;","        // init local","        local = {};","        // init modeJs","        local.modeJs = 'node';","        // init global","        local.global = global;","        switch (local.modeJs) {","        // re-init local from example.js","        case 'node':","            local = global.local = (local.global.utility2_rollup || require('utility2'))","                .requireExampleJsFromReadme();","            break;","        }","    }());","    switch (local.modeJs) {","","","","    // run node js-env code - function","    case 'node':","        local.testCase_build_doc = function (options, onError) {","        /*","         * this function will test build's doc handling-behavior","         */","            options = {};","            options.exampleFileList = [","                'README.md',","                './mongodb/README.md',","                'test.js',","                local.env.npm_package_main + '.js'","            ];","            local.buildDoc(options, onError);","        };","        break;","    }","    switch (local.modeJs) {","","","","    // run node js-env code - post-init","    case 'node':","        // run test-server","        local.testRunServer(local);","        break;","    }","}());",""],"l":{"12":1,"14":1,"19":1,"21":1,"23":1,"25":1,"27":1,"28":1,"31":1,"33":1,"36":1,"42":1,"46":1,"47":1,"53":1,"55":1,"57":1,"64":1,"65":1}}}